mode: atomic
github.com/gopatchy/store/store.go:18.44,20.16 2 3
github.com/gopatchy/store/store.go:20.16,22.3 1 0
github.com/gopatchy/store/store.go:27.2,29.8 1 3
github.com/gopatchy/store/store.go:32.25,34.2 1 3
github.com/gopatchy/store/store.go:36.69,40.16 3 6
github.com/gopatchy/store/store.go:40.16,42.3 1 0
github.com/gopatchy/store/store.go:44.2,45.16 2 6
github.com/gopatchy/store/store.go:45.16,47.3 1 0
github.com/gopatchy/store/store.go:49.2,49.12 1 6
github.com/gopatchy/store/store.go:52.65,54.16 2 1
github.com/gopatchy/store/store.go:54.16,56.3 1 0
github.com/gopatchy/store/store.go:58.2,58.12 1 1
github.com/gopatchy/store/store.go:61.90,63.16 2 4
github.com/gopatchy/store/store.go:63.16,65.3 1 0
github.com/gopatchy/store/store.go:67.2,69.18 2 4
github.com/gopatchy/store/store.go:69.18,71.3 1 1
github.com/gopatchy/store/store.go:73.2,76.16 3 3
github.com/gopatchy/store/store.go:76.16,78.3 1 0
github.com/gopatchy/store/store.go:80.2,83.16 3 3
github.com/gopatchy/store/store.go:83.16,85.3 1 0
github.com/gopatchy/store/store.go:87.2,87.17 1 3
github.com/gopatchy/store/store.go:90.88,92.16 2 2
github.com/gopatchy/store/store.go:92.16,94.3 1 0
github.com/gopatchy/store/store.go:96.2,100.18 3 2
github.com/gopatchy/store/store.go:100.18,104.17 3 2
github.com/gopatchy/store/store.go:104.17,106.4 1 0
github.com/gopatchy/store/store.go:108.3,111.17 3 2
github.com/gopatchy/store/store.go:111.17,113.4 1 0
github.com/gopatchy/store/store.go:115.3,115.25 1 2
github.com/gopatchy/store/store.go:118.2,118.17 1 2
github.com/gopatchy/store/store.go:121.79,125.16 3 7
github.com/gopatchy/store/store.go:125.16,127.3 1 5
github.com/gopatchy/store/store.go:129.2,130.16 2 2
github.com/gopatchy/store/store.go:130.16,132.3 1 0
github.com/gopatchy/store/store.go:134.2,135.16 2 2
github.com/gopatchy/store/store.go:135.16,137.3 1 0
github.com/gopatchy/store/store.go:139.2,139.12 1 2
github.com/gopatchy/store/store.go:142.93,146.16 3 6
github.com/gopatchy/store/store.go:146.16,148.3 1 5
github.com/gopatchy/store/store.go:150.2,151.16 2 1
github.com/gopatchy/store/store.go:151.16,153.3 1 0
github.com/gopatchy/store/store.go:155.2,155.47 1 1
github.com/gopatchy/store/store.go:158.43,160.2 1 3
